Watching for file changes with StatReloader
Waiting for apps ready_event.
Apps ready_event triggered. Sending autoreload_started signal.
Watching dir /usr/local/lib/python3.12/site-packages/rest_framework/templates with glob **/*.
Watching dir /blogproject/locale with glob **/*.mo.
Watching dir /usr/local/lib/python3.12/site-packages/rest_framework/locale with glob **/*.mo.
Watching dir /blogproject/blog/locale with glob **/*.mo.
(0.001) 
            SELECT
                c.relname,
                CASE
                    WHEN c.relispartition THEN 'p'
                    WHEN c.relkind IN ('m', 'v') THEN 'v'
                    ELSE 't'
                END,
                obj_description(c.oid, 'pg_class')
            FROM pg_catalog.pg_class c
            LEFT JOIN pg_catalog.pg_namespace n ON n.oid = c.relnamespace
            WHERE c.relkind IN ('f', 'm', 'p', 'r', 'v')
                AND n.nspname NOT IN ('pg_catalog', 'pg_toast')
                AND pg_catalog.pg_table_is_visible(c.oid)
        ; args=None; alias=default
(0.000) SELECT "django_migrations"."id", "django_migrations"."app", "django_migrations"."name", "django_migrations"."applied" FROM "django_migrations"; args=(); alias=default
File /usr/local/lib/python3.12/site-packages/django/views/__init__.py first seen with mtime 1698515104.075041
File /usr/local/lib/python3.12/site-packages/rest_framework/templatetags/__init__.py first seen with mtime 1698515104.657041
File /usr/local/lib/python3.12/email/_policybase.py first seen with mtime 1697071491.0
File /usr/local/lib/python3.12/unittest/loader.py first seen with mtime 1697071491.0
File /usr/local/lib/python3.12/lib-dynload/_opcode.cpython-312-aarch64-linux-gnu.so first seen with mtime 1697071497.0
File /usr/local/lib/python3.12/lib-dynload/_json.cpython-312-aarch64-linux-gnu.so first seen with mtime 1697071497.0
File /usr/local/lib/python3.12/asyncio/subprocess.py first seen with mtime 1697071491.0
File /usr/local/lib/python3.12/site-packages/django/core/files/utils.py first seen with mtime 1698515104.041041
File /blogproject/blog/admin.py first seen with mtime 1698607294.7526233
File /usr/local/lib/python3.12/decimal.py first seen with mtime 1697071491.0
File /blogproject/blog/__init__.py first seen with mtime 1698567953.8976977
File /usr/local/lib/python3.12/site-packages/django/contrib/messages/utils.py first seen with mtime 1698515103.957041
File /usr/local/lib/python3.12/site-packages/django/db/backends/postgresql/psycopg_any.py first seen with mtime 1698515104.0510411
File /usr/local/lib/python3.12/site-packages/rest_framework/utils/model_meta.py first seen with mtime 1698515104.657041
File /usr/local/lib/python3.12/site-packages/django/contrib/contenttypes/fields.py first seen with mtime 1698515103.853041
File /usr/local/lib/python3.12/site-packages/django/contrib/auth/__init__.py first seen with mtime 1698515103.8240411
File /usr/local/lib/python3.12/site-packages/django/db/migrations/recorder.py first seen with mtime 1698515104.053041
File /usr/local/lib/python3.12/site-packages/django/core/files/images.py first seen with mtime 1698515104.041041
File /usr/local/lib/python3.12/encodings/aliases.py first seen with mtime 1697071491.0
File /usr/local/lib/python3.12/site-packages/django/test/testcases.py first seen with mtime 1698515104.071041
File /usr/local/lib/python3.12/site-packages/rest_framework/permissions.py first seen with mtime 1698515104.632041
File /usr/local/lib/python3.12/site-packages/django/__init__.py first seen with mtime 1698515103.670041
File /usr/local/lib/python3.12/html/__init__.py first seen with mtime 1697071491.0
File /usr/local/lib/python3.12/site-packages/django/forms/fields.py first seen with mtime 1698515104.060041
File /usr/local/lib/python3.12/lib-dynload/_bisect.cpython-312-aarch64-linux-gnu.so first seen with mtime 1697071497.0
File /usr/local/lib/python3.12/contextvars.py first seen with mtime 1697071491.0
File /usr/local/lib/python3.12/hashlib.py first seen with mtime 1697071491.0
File /usr/local/lib/python3.12/site-packages/django/core/files/move.py first seen with mtime 1698515104.041041
File /usr/local/lib/python3.12/site-packages/sqlparse/__init__.py first seen with mtime 1698515103.579041
File /usr/local/lib/python3.12/site-packages/sqlparse/engine/__init__.py first seen with mtime 1698515103.580041
File /usr/local/lib/python3.12/site-packages/django/template/library.py first seen with mtime 1698515104.068041
File /usr/local/lib/python3.12/site-packages/django/middleware/cache.py first seen with mtime 1698515104.067041
File /usr/local/lib/python3.12/site-packages/rest_framework/parsers.py first seen with mtime 1698515104.632041
File /usr/local/lib/python3.12/site-packages/rest_framework/utils/encoders.py first seen with mtime 1698515104.657041
File /usr/local/lib/python3.12/site-packages/rest_framework/views.py first seen with mtime 1698515104.634041
File /usr/local/lib/python3.12/site-packages/django/template/defaultfilters.py first seen with mtime 1698515104.068041
File /usr/local/lib/python3.12/asyncio/format_helpers.py first seen with mtime 1697071491.0
File /usr/local/lib/python3.12/site-packages/sqlparse/filters/output.py first seen with mtime 1698515103.580041
File /usr/local/lib/python3.12/site-packages/rest_framework/request.py first seen with mtime 1698515104.632041
File /usr/local/lib/python3.12/site-packages/django/views/decorators/__init__.py first seen with mtime 1698515104.076041
File /usr/local/lib/python3.12/email/feedparser.py first seen with mtime 1697071491.0
File /usr/local/lib/python3.12/site-packages/rest_framework/response.py first seen with mtime 1698515104.632041
File /usr/local/lib/python3.12/site-packages/django/core/files/storage/mixins.py first seen with mtime 1698515104.042041
File /usr/local/lib/python3.12/lib-dynload/select.cpython-312-aarch64-linux-gnu.so first seen with mtime 1697071497.0
File /usr/local/lib/python3.12/site-packages/django/contrib/admin/actions.py first seen with mtime 1698515103.729041
File /usr/local/lib/python3.12/site-packages/django/core/handlers/base.py first seen with mtime 1698515104.042041
File /usr/local/lib/python3.12/site-packages/django/core/files/storage/__init__.py first seen with mtime 1698515104.042041
File /usr/local/lib/python3.12/site-packages/django/db/models/fields/proxy.py first seen with mtime 1698515104.057041
File /usr/local/lib/python3.12/site-packages/django/core/paginator.py first seen with mtime 1698515104.039041
File /usr/local/lib/python3.12/site-packages/django/db/models/manager.py first seen with mtime 1698515104.055041
File /usr/local/lib/python3.12/site-packages/django/forms/renderers.py first seen with mtime 1698515104.060041
File /usr/local/lib/python3.12/unittest/case.py first seen with mtime 1697071491.0
File /usr/local/lib/python3.12/site-packages/django/db/models/utils.py first seen with mtime 1698515104.056041
File /usr/local/lib/python3.12/unittest/__init__.py first seen with mtime 1697071491.0
File /usr/local/lib/python3.12/site-packages/django/db/backends/ddl_references.py first seen with mtime 1698515104.047041
File /usr/local/lib/python3.12/lib-dynload/_bz2.cpython-312-aarch64-linux-gnu.so first seen with mtime 1697071497.0
File /usr/local/lib/python3.12/selectors.py first seen with mtime 1697071491.0
File /usr/local/lib/python3.12/site-packages/django/core/files/uploadedfile.py first seen with mtime 1698515104.041041
File /usr/local/lib/python3.12/site-packages/django/views/generic/edit.py first seen with mtime 1698515104.077041
File /usr/local/lib/python3.12/site-packages/rest_framework/schemas/generators.py first seen with mtime 1698515104.643041
File /usr/local/lib/python3.12/site-packages/django/db/migrations/operations/fields.py first seen with mtime 1698515104.054041
File /usr/local/lib/python3.12/asyncio/streams.py first seen with mtime 1697071491.0
File /usr/local/lib/python3.12/site-packages/sqlparse/lexer.py first seen with mtime 1698515103.579041
File /usr/local/lib/python3.12/lib-dynload/_contextvars.cpython-312-aarch64-linux-gnu.so first seen with mtime 1697071497.0
File /usr/local/lib/python3.12/site-packages/django/forms/widgets.py first seen with mtime 1698515104.061041
File /blogproject/blog/models.py first seen with mtime 1698607273.2434213
File /usr/local/lib/python3.12/site-packages/django/utils/timezone.py first seen with mtime 1698515104.0740411
File /usr/local/lib/python3.12/site-packages/sqlparse/formatter.py first seen with mtime 1698515103.579041
File /usr/local/lib/python3.12/urllib/__init__.py first seen with mtime 1697071491.0
File /usr/local/lib/python3.12/site-packages/rest_framework/serializers.py first seen with mtime 1698515104.633041
File /usr/local/lib/python3.12/site-packages/django/contrib/auth/decorators.py first seen with mtime 1698515103.825041
File /usr/local/lib/python3.12/site-packages/rest_framework/utils/field_mapping.py first seen with mtime 1698515104.657041
File /usr/local/lib/python3.12/site-packages/rest_framework/utils/breadcrumbs.py first seen with mtime 1698515104.657041
File /blogproject/blog/views.py first seen with mtime 1698606675.6981218
File /usr/local/lib/python3.12/site-packages/django/middleware/common.py first seen with mtime 1698515104.067041
File /usr/local/lib/python3.12/site-packages/rest_framework/routers.py first seen with mtime 1698515104.632041
File /usr/local/lib/python3.12/site-packages/django/core/cache/backends/base.py first seen with mtime 1698515104.039041
File /usr/local/lib/python3.12/importlib/_abc.py first seen with mtime 1697071491.0
File /usr/local/lib/python3.12/site-packages/django/contrib/messages/storage/__init__.py first seen with mtime 1698515103.957041
File /usr/local/lib/python3.12/types.py first seen with mtime 1697071491.0
File /usr/local/lib/python3.12/asyncio/tasks.py first seen with mtime 1697071491.0
File /usr/local/lib/python3.12/site-packages/django/utils/datastructures.py first seen with mtime 1698515104.072041
File /usr/local/lib/python3.12/site-packages/django/contrib/contenttypes/__init__.py first seen with mtime 1698515103.852041
File /usr/local/lib/python3.12/site-packages/django/db/models/__init__.py first seen with mtime 1698515104.054041
File /usr/local/lib/python3.12/xml/dom/minicompat.py first seen with mtime 1697071491.0
File /usr/local/lib/python3.12/asyncio/locks.py first seen with mtime 1697071491.0
File /usr/local/lib/python3.12/site-packages/django/contrib/auth/checks.py first seen with mtime 1698515103.825041
File /usr/local/lib/python3.12/site-packages/sqlparse/cli.py first seen with mtime 1698515103.579041
File /usr/local/lib/python3.12/quopri.py first seen with mtime 1697071491.0
File /usr/local/lib/python3.12/gzip.py first seen with mtime 1697071491.0
File /usr/local/lib/python3.12/inspect.py first seen with mtime 1697071491.0
File /usr/local/lib/python3.12/site-packages/django/db/migrations/loader.py first seen with mtime 1698515104.053041
File /usr/local/lib/python3.12/email/mime/text.py first seen with mtime 1697071491.0
File /usr/local/lib/python3.12/site-packages/django/core/serializers/__init__.py first seen with mtime 1698515104.046041
File /usr/local/lib/python3.12/site-packages/django/http/cookie.py first seen with mtime 1698515104.066041
File /usr/local/lib/python3.12/lib-dynload/_blake2.cpython-312-aarch64-linux-gnu.so first seen with mtime 1697071497.0
File /usr/local/lib/python3.12/site-packages/django/db/migrations/exceptions.py first seen with mtime 1698515104.052041
File /usr/local/lib/python3.12/site-packages/django/utils/lorem_ipsum.py first seen with mtime 1698515104.0740411
File /usr/local/lib/python3.12/site-packages/django/forms/utils.py first seen with mtime 1698515104.060041
File /usr/local/lib/python3.12/site-packages/django/template/__init__.py first seen with mtime 1698515104.067041
File /usr/local/lib/python3.12/site-packages/django/test/signals.py first seen with mtime 1698515104.070041
File /usr/local/lib/python3.12/pkgutil.py first seen with mtime 1697071491.0
File /usr/local/lib/python3.12/site-packages/rest_framework/utils/representation.py first seen with mtime 1698515104.657041
File /usr/local/lib/python3.12/site-packages/django/contrib/postgres/validators.py first seen with mtime 1698515103.958041
File /usr/local/lib/python3.12/site-packages/django/contrib/postgres/fields/citext.py first seen with mtime 1698515103.958041
File /usr/local/lib/python3.12/asyncio/__init__.py first seen with mtime 1697071491.0
File /usr/local/lib/python3.12/site-packages/django/utils/tree.py first seen with mtime 1698515104.075041
File /usr/local/lib/python3.12/http/__init__.py first seen with mtime 1697071491.0
File /usr/local/lib/python3.12/zoneinfo/__init__.py first seen with mtime 1697071491.0
File /usr/local/lib/python3.12/site-packages/django/apps/config.py first seen with mtime 1698515103.670041
File /usr/local/lib/python3.12/wsgiref/__init__.py first seen with mtime 1697071491.0
File /usr/local/lib/python3.12/site-packages/django/contrib/messages/middleware.py first seen with mtime 1698515103.956041
File /usr/local/lib/python3.12/site-packages/django/db/migrations/operations/__init__.py first seen with mtime 1698515104.054041
File /usr/local/lib/python3.12/site-packages/django/utils/module_loading.py first seen with mtime 1698515104.0740411
File /usr/local/lib/python3.12/site-packages/pytz/tzfile.py first seen with mtime 1698515103.521041
File /usr/local/lib/python3.12/site-packages/django/core/files/uploadhandler.py first seen with mtime 1698515104.041041
File /usr/local/lib/python3.12/unittest/suite.py first seen with mtime 1697071491.0
File /blogproject/blog/apps.py first seen with mtime 1698567953.8961725
File /usr/local/lib/python3.12/site-packages/rest_framework/exceptions.py first seen with mtime 1698515104.631041
File /usr/local/lib/python3.12/site-packages/pytz/lazy.py first seen with mtime 1698515103.521041
File /usr/local/lib/python3.12/site-packages/django/utils/deprecation.py first seen with mtime 1698515104.073041
File /usr/local/lib/python3.12/site-packages/django/http/response.py first seen with mtime 1698515104.066041
File /usr/local/lib/python3.12/email/mime/message.py first seen with mtime 1697071491.0
File /usr/local/lib/python3.12/asyncio/base_subprocess.py first seen with mtime 1697071491.0
File /usr/local/lib/python3.12/contextlib.py first seen with mtime 1697071491.0
File /usr/local/lib/python3.12/email/_encoded_words.py first seen with mtime 1697071491.0
File /usr/local/lib/python3.12/site-packages/django/core/handlers/asgi.py first seen with mtime 1698515104.042041
File /usr/local/lib/python3.12/site-packages/pytz/tzinfo.py first seen with mtime 1698515103.521041
File /blogproject/blogproject/settings.py first seen with mtime 1698607547.4225385
File /usr/local/lib/python3.12/site-packages/django/contrib/postgres/fields/array.py first seen with mtime 1698515103.958041
File /usr/local/lib/python3.12/site-packages/django/urls/converters.py first seen with mtime 1698515104.071041
File /usr/local/lib/python3.12/wsgiref/handlers.py first seen with mtime 1697071491.0
File /usr/local/lib/python3.12/site-packages/django/contrib/contenttypes/models.py first seen with mtime 1698515103.853041
File /usr/local/lib/python3.12/asyncio/mixins.py first seen with mtime 1697071491.0
File /usr/local/lib/python3.12/getpass.py first seen with mtime 1697071491.0
File /usr/local/lib/python3.12/site-packages/django/http/__init__.py first seen with mtime 1698515104.066041
File /usr/local/lib/python3.12/site-packages/django/db/backends/postgresql/features.py first seen with mtime 1698515104.0510411
File /usr/local/lib/python3.12/site-packages/django/db/models/sql/subqueries.py first seen with mtime 1698515104.059041
File /usr/local/lib/python3.12/site-packages/django/utils/http.py first seen with mtime 1698515104.073041
File /usr/local/lib/python3.12/site-packages/django/contrib/admin/options.py first seen with mtime 1698515103.731041
File /usr/local/lib/python3.12/site-packages/django/contrib/admin/sites.py first seen with mtime 1698515103.731041
File /usr/local/lib/python3.12/ssl.py first seen with mtime 1697071491.0
File /usr/local/lib/python3.12/site-packages/django/contrib/postgres/fields/hstore.py first seen with mtime 1698515103.958041
File /usr/local/lib/python3.12/site-packages/django/contrib/sessions/base_session.py first seen with mtime 1698515103.992041
File /usr/local/lib/python3.12/site-packages/django/views/debug.py first seen with mtime 1698515104.075041
File /usr/local/lib/python3.12/site-packages/django/db/models/fields/json.py first seen with mtime 1698515104.057041
File /usr/local/lib/python3.12/site-packages/django/utils/topological_sort.py first seen with mtime 1698515104.075041
File /usr/local/lib/python3.12/email/generator.py first seen with mtime 1697071491.0
File /usr/local/lib/python3.12/site-packages/rest_framework/schemas/utils.py first seen with mtime 1698515104.643041
File /usr/local/lib/python3.12/uuid.py first seen with mtime 1697071491.0
File /usr/local/lib/python3.12/site-packages/django/contrib/postgres/fields/utils.py first seen with mtime 1698515103.959041
File /usr/local/lib/python3.12/site-packages/django/contrib/admin/templatetags/admin_list.py first seen with mtime 1698515103.799041
File /usr/local/lib/python3.12/site-packages/django/contrib/admin/templatetags/admin_modify.py first seen with mtime 1698515103.799041
File /usr/local/lib/python3.12/site-packages/django/db/backends/postgresql/operations.py first seen with mtime 1698515104.0510411
File /usr/local/lib/python3.12/site-packages/django/contrib/sites/__init__.py first seen with mtime 1698515104.015041
File /usr/local/lib/python3.12/site-packages/_distutils_hack/__init__.py first seen with mtime 1697071502.0
File /usr/local/lib/python3.12/site-packages/django/core/exceptions.py first seen with mtime 1698515104.039041
File /usr/local/lib/python3.12/asyncio/timeouts.py first seen with mtime 1697071491.0
File /usr/local/lib/python3.12/site-packages/sqlparse/utils.py first seen with mtime 1698515103.580041
File /usr/local/lib/python3.12/site-packages/django/core/files/base.py first seen with mtime 1698515104.041041
File /usr/local/lib/python3.12/bz2.py first seen with mtime 1697071491.0
File /usr/local/lib/python3.12/email/headerregistry.py first seen with mtime 1697071491.0
File /usr/local/lib/python3.12/site-packages/django/utils/safestring.py first seen with mtime 1698515104.0740411
File /usr/local/lib/python3.12/site-packages/django/views/defaults.py first seen with mtime 1698515104.076041
File /usr/local/lib/python3.12/site-packages/django/db/backends/signals.py first seen with mtime 1698515104.047041
File /usr/local/lib/python3.12/concurrent/futures/__init__.py first seen with mtime 1697071491.0
File /usr/local/lib/python3.12/site-packages/django/db/models/query_utils.py first seen with mtime 1698515104.056041
File /usr/local/lib/python3.12/site-packages/sqlparse/engine/grouping.py first seen with mtime 1698515103.580041
File /usr/local/lib/python3.12/site-packages/django/db/migrations/graph.py first seen with mtime 1698515104.053041
File /usr/local/lib/python3.12/site-packages/psycopg2/sql.py first seen with mtime 1698515103.632041
File /usr/local/lib/python3.12/site-packages/django/contrib/admin/views/autocomplete.py first seen with mtime 1698515103.800041
File /usr/local/lib/python3.12/site-packages/rest_framework/metadata.py first seen with mtime 1698515104.631041
File /usr/local/lib/python3.12/http/server.py first seen with mtime 1697071491.0
File /usr/local/lib/python3.12/site-packages/django/db/models/lookups.py first seen with mtime 1698515104.055041
File /usr/local/lib/python3.12/site-packages/django/template/context.py first seen with mtime 1698515104.068041
File /usr/local/lib/python3.12/site-packages/django/db/backends/postgresql/base.py first seen with mtime 1698515104.0510411
File /usr/local/lib/python3.12/email/message.py first seen with mtime 1697071491.0
File /usr/local/lib/python3.12/site-packages/django/contrib/postgres/lookups.py first seen with mtime 1698515103.957041
File /usr/local/lib/python3.12/site-packages/django/forms/models.py first seen with mtime 1698515104.060041
File /usr/local/lib/python3.12/operator.py first seen with mtime 1697071491.0
File /usr/local/lib/python3.12/lib-dynload/_zoneinfo.cpython-312-aarch64-linux-gnu.so first seen with mtime 1697071497.0
File /usr/local/lib/python3.12/typing.py first seen with mtime 1697071491.0
File /usr/local/lib/python3.12/site-packages/django/contrib/postgres/utils.py first seen with mtime 1698515103.958041
File /usr/local/lib/python3.12/site-packages/django/contrib/auth/apps.py first seen with mtime 1698515103.8240411
File /usr/local/lib/python3.12/site-packages/asgiref/sync.py first seen with mtime 1698515103.645041
File /usr/local/lib/python3.12/site-packages/django/contrib/sessions/models.py first seen with mtime 1698515103.992041
File /usr/local/lib/python3.12/site-packages/django/core/checks/security/sessions.py first seen with mtime 1698515104.041041
File /usr/local/lib/python3.12/asyncio/selector_events.py first seen with mtime 1697071491.0
File /usr/local/lib/python3.12/site-packages/django/conf/__init__.py first seen with mtime 1698515103.670041
File /usr/local/lib/python3.12/site-packages/django/core/management/base.py first seen with mtime 1698515104.043041
File /usr/local/lib/python3.12/site-packages/psycopg2/extensions.py first seen with mtime 1698515103.629041
File /usr/local/lib/python3.12/collections/__init__.py first seen with mtime 1697071491.0
File /usr/local/lib/python3.12/site-packages/django/views/generic/list.py first seen with mtime 1698515104.077041
File /usr/local/lib/python3.12/lib-dynload/_uuid.cpython-312-aarch64-linux-gnu.so first seen with mtime 1697071497.0
File /usr/local/lib/python3.12/site-packages/django/contrib/admin/templatetags/log.py first seen with mtime 1698515103.800041
File /usr/local/lib/python3.12/email/iterators.py first seen with mtime 1697071491.0
File /usr/local/lib/python3.12/site-packages/django/db/backends/postgresql/introspection.py first seen with mtime 1698515104.0510411
File /usr/local/lib/python3.12/site-packages/django/db/backends/base/schema.py first seen with mtime 1698515104.048041
File /usr/local/lib/python3.12/email/charset.py first seen with mtime 1697071491.0
File /usr/local/lib/python3.12/site-packages/rest_framework/validators.py first seen with mtime 1698515104.633041
File /usr/local/lib/python3.12/site-packages/django/contrib/admin/templatetags/__init__.py first seen with mtime 1698515103.799041
File /usr/local/lib/python3.12/encodings/__init__.py first seen with mtime 1697071491.0
File /usr/local/lib/python3.12/site-packages/django/templatetags/i18n.py first seen with mtime 1698515104.070041
File /usr/local/lib/python3.12/logging/config.py first seen with mtime 1697071491.0
File /usr/local/lib/python3.12/site-packages/django/core/checks/compatibility/__init__.py first seen with mtime 1698515104.041041
File /usr/local/lib/python3.12/site-packages/django/template/smartif.py first seen with mtime 1698515104.068041
File /usr/local/lib/python3.12/lib-dynload/_struct.cpython-312-aarch64-linux-gnu.so first seen with mtime 1697071497.0
File /usr/local/lib/python3.12/asyncio/futures.py first seen with mtime 1697071491.0
File /usr/local/lib/python3.12/site-packages/django/db/models/constants.py first seen with mtime 1698515104.054041
File /usr/local/lib/python3.12/ast.py first seen with mtime 1697071491.0
File /usr/local/lib/python3.12/site-packages/django/views/decorators/common.py first seen with mtime 1698515104.076041
File /usr/local/lib/python3.12/site-packages/django/contrib/sessions/backends/__init__.py first seen with mtime 1698515103.993041
File /usr/local/lib/python3.12/site-packages/psycopg2/_ipaddress.py first seen with mtime 1698515103.632041
File /usr/local/lib/python3.12/site-packages/django/contrib/staticfiles/apps.py first seen with mtime 1698515104.037041
File /usr/local/lib/python3.12/site-packages/rest_framework/mixins.py first seen with mtime 1698515104.631041
File /usr/local/lib/python3.12/asyncio/base_events.py first seen with mtime 1697071491.0
File /usr/local/lib/python3.12/locale.py first seen with mtime 1697071491.0
File /usr/local/lib/python3.12/site-packages/rest_framework/utils/serializer_helpers.py first seen with mtime 1698515104.657041
File /usr/local/lib/python3.12/site-packages/django/urls/base.py first seen with mtime 1698515104.071041
File /usr/local/lib/python3.12/lib-dynload/_decimal.cpython-312-aarch64-linux-gnu.so first seen with mtime 1697071497.0
File /usr/local/lib/python3.12/email/encoders.py first seen with mtime 1697071491.0
File /usr/local/lib/python3.12/site-packages/django/db/models/fields/mixins.py first seen with mtime 1698515104.057041
File /usr/local/lib/python3.12/argparse.py first seen with mtime 1697071491.0
File /usr/local/lib/python3.12/_compat_pickle.py first seen with mtime 1697071491.0
File /usr/local/lib/python3.12/email/mime/nonmultipart.py first seen with mtime 1697071491.0
File /usr/local/lib/python3.12/site-packages/django/contrib/admin/decorators.py first seen with mtime 1698515103.730041
File /usr/local/lib/python3.12/site-packages/django/conf/global_settings.py first seen with mtime 1698515103.670041
File /usr/local/lib/python3.12/site-packages/django/core/files/storage/base.py first seen with mtime 1698515104.042041
File /usr/local/lib/python3.12/ipaddress.py first seen with mtime 1697071491.0
File /usr/local/lib/python3.12/site-packages/django/contrib/auth/models.py first seen with mtime 1698515103.826041
File /usr/local/lib/python3.12/site-packages/django/template/loaders/__init__.py first seen with mtime 1698515104.069041
File /usr/local/lib/python3.12/site-packages/django/utils/ipv6.py first seen with mtime 1698515104.0740411
File /usr/local/lib/python3.12/struct.py first seen with mtime 1697071491.0
File /usr/local/lib/python3.12/site-packages/django/utils/version.py first seen with mtime 1698515104.075041
File /usr/local/lib/python3.12/site-packages/django/contrib/postgres/forms/hstore.py first seen with mtime 1698515103.959041
File /usr/local/lib/python3.12/site-packages/django/utils/connection.py first seen with mtime 1698515104.072041
File /usr/local/lib/python3.12/site-packages/django/db/models/fields/files.py first seen with mtime 1698515104.057041
File /usr/local/lib/python3.12/site-packages/rest_framework/settings.py first seen with mtime 1698515104.633041
File /usr/local/lib/python3.12/site-packages/django/apps/registry.py first seen with mtime 1698515103.670041
File /usr/local/lib/python3.12/site-packages/django/db/models/query.py first seen with mtime 1698515104.056041
File /usr/local/lib/python3.12/site-packages/django/utils/html.py first seen with mtime 1698515104.073041
File /usr/local/lib/python3.12/site-packages/django/core/serializers/base.py first seen with mtime 1698515104.046041
File /usr/local/lib/python3.12/site-packages/django/contrib/contenttypes/admin.py first seen with mtime 1698515103.852041
File /usr/local/lib/python3.12/site-packages/django/db/backends/postgresql/creation.py first seen with mtime 1698515104.0510411
File /usr/local/lib/python3.12/site-packages/django/templatetags/l10n.py first seen with mtime 1698515104.070041
File /blogproject/blogproject/__init__.py first seen with mtime 1698514631.9500284
File /usr/local/lib/python3.12/site-packages/psycopg2/_json.py first seen with mtime 1698515103.631041
File /usr/local/lib/python3.12/unittest/main.py first seen with mtime 1697071491.0
File /usr/local/lib/python3.12/lib-dynload/binascii.cpython-312-aarch64-linux-gnu.so first seen with mtime 1697071497.0
File /usr/local/lib/python3.12/site-packages/django/contrib/staticfiles/__init__.py first seen with mtime 1698515104.037041
File /usr/local/lib/python3.12/site-packages/django/core/checks/database.py first seen with mtime 1698515104.040041
File /usr/local/lib/python3.12/site-packages/django/urls/utils.py first seen with mtime 1698515104.071041
File /usr/local/lib/python3.12/site-packages/sqlparse/filters/reindent.py first seen with mtime 1698515103.580041
File /usr/local/lib/python3.12/site-packages/django/templatetags/static.py first seen with mtime 1698515104.070041
File /usr/local/lib/python3.12/asyncio/protocols.py first seen with mtime 1697071491.0
File /usr/local/lib/python3.12/collections/abc.py first seen with mtime 1697071491.0
File /usr/local/lib/python3.12/site-packages/django/core/mail/utils.py first seen with mtime 1698515104.043041
File /usr/local/lib/python3.12/site-packages/django/core/checks/caches.py first seen with mtime 1698515104.040041
File /usr/local/lib/python3.12/site-packages/django/contrib/staticfiles/finders.py first seen with mtime 1698515104.037041
File /usr/local/lib/python3.12/asyncio/queues.py first seen with mtime 1697071491.0
File /usr/local/lib/python3.12/keyword.py first seen with mtime 1697071491.0
File /usr/local/lib/python3.12/site-packages/django/contrib/admin/__init__.py first seen with mtime 1698515103.729041
File /usr/local/lib/python3.12/lib-dynload/zlib.cpython-312-aarch64-linux-gnu.so first seen with mtime 1697071497.0
File /usr/local/lib/python3.12/site-packages/django/contrib/admin/templatetags/base.py first seen with mtime 1698515103.800041
File /usr/local/lib/python3.12/logging/handlers.py first seen with mtime 1697071491.0
File /usr/local/lib/python3.12/site-packages/django/template/loaders/app_directories.py first seen with mtime 1698515104.069041
File /usr/local/lib/python3.12/site-packages/django/utils/formats.py first seen with mtime 1698515104.073041
File /usr/local/lib/python3.12/site-packages/django/template/loaders/filesystem.py first seen with mtime 1698515104.069041
File /usr/local/lib/python3.12/site-packages/django/template/loaders/cached.py first seen with mtime 1698515104.069041
File /usr/local/lib/python3.12/site-packages/django/utils/crypto.py first seen with mtime 1698515104.072041
File /usr/local/lib/python3.12/numbers.py first seen with mtime 1697071491.0
File /usr/local/lib/python3.12/site-packages/rest_framework/schemas/inspectors.py first seen with mtime 1698515104.643041
File /usr/local/lib/python3.12/email/policy.py first seen with mtime 1697071491.0
File /usr/local/lib/python3.12/site-packages/django/template/loader.py first seen with mtime 1698515104.068041
File /usr/local/lib/python3.12/_compression.py first seen with mtime 1697071491.0
File /usr/local/lib/python3.12/site-packages/django/contrib/auth/management/__init__.py first seen with mtime 1698515103.851041
File /usr/local/lib/python3.12/site-packages/django/db/models/fields/related.py first seen with mtime 1698515104.057041
File /usr/local/lib/python3.12/wsgiref/headers.py first seen with mtime 1697071491.0
File /usr/local/lib/python3.12/site-packages/django/utils/dateparse.py first seen with mtime 1698515104.072041
File /usr/local/lib/python3.12/site-packages/django/core/servers/basehttp.py first seen with mtime 1698515104.046041
File /usr/local/lib/python3.12/lib-dynload/_random.cpython-312-aarch64-linux-gnu.so first seen with mtime 1697071497.0
File /usr/local/lib/python3.12/site-packages/django/views/static.py first seen with mtime 1698515104.076041
File /usr/local/lib/python3.12/importlib/__init__.py first seen with mtime 1697071491.0
File /usr/local/lib/python3.12/site-packages/django/db/models/constraints.py first seen with mtime 1698515104.054041
File /usr/local/lib/python3.12/site-packages/django/contrib/admin/models.py first seen with mtime 1698515103.730041
File /usr/local/lib/python3.12/site-packages/django/db/backends/base/creation.py first seen with mtime 1698515104.047041
File /usr/local/lib/python3.12/site-packages/django/core/files/__init__.py first seen with mtime 1698515104.041041
File /usr/local/lib/python3.12/traceback.py first seen with mtime 1697071491.0
File /usr/local/lib/python3.12/site-packages/django/contrib/sessions/__init__.py first seen with mtime 1698515103.992041
File /usr/local/lib/python3.12/site-packages/django/urls/conf.py first seen with mtime 1698515104.071041
File /usr/local/lib/python3.12/site-packages/django/forms/__init__.py first seen with mtime 1698515104.060041
File /usr/local/lib/python3.12/site-packages/django/utils/itercompat.py first seen with mtime 1698515104.0740411
File /usr/local/lib/python3.12/site-packages/asgiref/current_thread_executor.py first seen with mtime 1698515103.644041
File /usr/local/lib/python3.12/site-packages/django/db/migrations/executor.py first seen with mtime 1698515104.052041
File /usr/local/lib/python3.12/site-packages/django/template/backends/django.py first seen with mtime 1698515104.069041
File /usr/local/lib/python3.12/dis.py first seen with mtime 1697071491.0
File /usr/local/lib/python3.12/platform.py first seen with mtime 1697071491.0
File /usr/local/lib/python3.12/site-packages/django/template/engine.py first seen with mtime 1698515104.068041
File /usr/local/lib/python3.12/functools.py first seen with mtime 1697071491.0
File /usr/local/lib/python3.12/site-packages/django/template/exceptions.py first seen with mtime 1698515104.068041
File /usr/local/lib/python3.12/calendar.py first seen with mtime 1697071491.0
File /usr/local/lib/python3.12/site-packages/django/contrib/postgres/fields/jsonb.py first seen with mtime 1698515103.959041
File /usr/local/lib/python3.12/site-packages/sqlparse/filters/__init__.py first seen with mtime 1698515103.580041
File /usr/local/lib/python3.12/site-packages/django/utils/translation/__init__.py first seen with mtime 1698515104.075041
File /usr/local/lib/python3.12/site-packages/pytz/__init__.py first seen with mtime 1698515103.520041
File /usr/local/lib/python3.12/site-packages/django/dispatch/__init__.py first seen with mtime 1698515104.059041
File /usr/local/lib/python3.12/re/__init__.py first seen with mtime 1697071491.0
File /usr/local/lib/python3.12/site-packages/django/db/models/functions/text.py first seen with mtime 1698515104.058041
File /usr/local/lib/python3.12/site-packages/django/template/base.py first seen with mtime 1698515104.067041
File /usr/local/lib/python3.12/email/base64mime.py first seen with mtime 1697071491.0
File /usr/local/lib/python3.12/site-packages/django/contrib/postgres/search.py first seen with mtime 1698515103.958041
File /usr/local/lib/python3.12/site-packages/rest_framework/templatetags/rest_framework.py first seen with mtime 1698515104.657041
File /usr/local/lib/python3.12/site-packages/django/db/models/enums.py first seen with mtime 1698515104.055041
File /usr/local/lib/python3.12/site-packages/django/core/management/__init__.py first seen with mtime 1698515104.043041
File /usr/local/lib/python3.12/site-packages/django/contrib/auth/forms.py first seen with mtime 1698515103.825041
File /usr/local/lib/python3.12/site-packages/django/core/wsgi.py first seen with mtime 1698515104.039041
File /usr/local/lib/python3.12/email/_parseaddr.py first seen with mtime 1697071491.0
File /usr/local/lib/python3.12/site-packages/rest_framework/utils/formatting.py first seen with mtime 1698515104.657041
File /usr/local/lib/python3.12/socketserver.py first seen with mtime 1697071491.0
File /usr/local/lib/python3.12/site-packages/django/middleware/security.py first seen with mtime 1698515104.067041
File /usr/local/lib/python3.12/site-packages/django/core/checks/security/csrf.py first seen with mtime 1698515104.041041
File /usr/local/lib/python3.12/http/cookies.py first seen with mtime 1697071491.0
File /usr/local/lib/python3.12/site-packages/django/contrib/sessions/backends/base.py first seen with mtime 1698515103.993041
File /usr/local/lib/python3.12/unittest/runner.py first seen with mtime 1697071491.0
File /usr/local/lib/python3.12/asyncio/staggered.py first seen with mtime 1697071491.0
File /usr/local/lib/python3.12/site-packages/django/contrib/messages/apps.py first seen with mtime 1698515103.956041
File /usr/local/lib/python3.12/site-packages/rest_framework/checks.py first seen with mtime 1698515104.631041
File /usr/local/lib/python3.12/site-packages/rest_framework/utils/urls.py first seen with mtime 1698515104.657041
File /usr/local/lib/python3.12/site-packages/rest_framework/reverse.py first seen with mtime 1698515104.632041
File /usr/local/lib/python3.12/email/__init__.py first seen with mtime 1697071491.0
File /usr/local/lib/python3.12/site-packages/django/db/backends/postgresql/schema.py first seen with mtime 1698515104.0510411
File /usr/local/lib/python3.12/site-packages/psycopg2/_psycopg.cpython-312-aarch64-linux-gnu.so first seen with mtime 1698515103.631041
File /usr/local/lib/python3.12/site-packages/django/contrib/staticfiles/management/__init__.py first seen with mtime 1698515104.038041
File /usr/local/lib/python3.12/site-packages/django/contrib/staticfiles/utils.py first seen with mtime 1698515104.038041
File /usr/local/lib/python3.12/lzma.py first seen with mtime 1697071491.0
File /usr/local/lib/python3.12/site-packages/psycopg2/extras.py first seen with mtime 1698515103.631041
File /usr/local/lib/python3.12/site-packages/django/core/checks/templates.py first seen with mtime 1698515104.040041
File /usr/local/lib/python3.12/fnmatch.py first seen with mtime 1697071491.0
File /usr/local/lib/python3.12/site-packages/django/core/files/locks.py first seen with mtime 1698515104.041041
File /usr/local/lib/python3.12/site-packages/django/core/files/temp.py first seen with mtime 1698515104.041041
File /usr/local/lib/python3.12/site-packages/django/db/backends/base/introspection.py first seen with mtime 1698515104.048041
File /usr/local/lib/python3.12/site-packages/django/db/backends/utils.py first seen with mtime 1698515104.047041
File /usr/local/lib/python3.12/site-packages/sqlparse/filters/right_margin.py first seen with mtime 1698515103.581041
File /usr/local/lib/python3.12/site-packages/django/db/migrations/__init__.py first seen with mtime 1698515104.052041
File /usr/local/lib/python3.12/site-packages/django/db/models/sql/datastructures.py first seen with mtime 1698515104.059041
File /usr/local/lib/python3.12/site-packages/django/contrib/sessions/apps.py first seen with mtime 1698515103.992041
File /usr/local/lib/python3.12/site-packages/django/contrib/postgres/forms/__init__.py first seen with mtime 1698515103.959041
File /usr/local/lib/python3.12/site-packages/django/contrib/sessions/middleware.py first seen with mtime 1698515103.992041
File /usr/local/lib/python3.12/site-packages/django/contrib/postgres/forms/array.py first seen with mtime 1698515103.959041
File /usr/local/lib/python3.12/site-packages/rest_framework/status.py first seen with mtime 1698515104.633041
File /usr/local/lib/python3.12/unittest/result.py first seen with mtime 1697071491.0
File /usr/local/lib/python3.12/site-packages/rest_framework/authentication.py first seen with mtime 1698515104.631041
File /usr/local/lib/python3.12/asyncio/taskgroups.py first seen with mtime 1697071491.0
File /usr/local/lib/python3.12/site-packages/django/db/models/fields/reverse_related.py first seen with mtime 1698515104.058041
File /usr/local/lib/python3.12/unittest/util.py first seen with mtime 1697071491.0
File /usr/local/lib/python3.12/site-packages/django/template/backends/base.py first seen with mtime 1698515104.069041
File /usr/local/lib/python3.12/site-packages/django/contrib/postgres/__init__.py first seen with mtime 1698515103.957041
File /usr/local/lib/python3.12/site-packages/django/core/checks/messages.py first seen with mtime 1698515104.040041
File /usr/local/lib/python3.12/site-packages/django/urls/resolvers.py first seen with mtime 1698515104.071041
File /usr/local/lib/python3.12/site-packages/django/db/migrations/utils.py first seen with mtime 1698515104.053041
File /usr/local/lib/python3.12/lib-dynload/_pickle.cpython-312-aarch64-linux-gnu.so first seen with mtime 1697071497.0
File /usr/local/lib/python3.12/pickle.py first seen with mtime 1697071491.0
File /usr/local/lib/python3.12/lib-dynload/_asyncio.cpython-312-aarch64-linux-gnu.so first seen with mtime 1697071497.0
File /usr/local/lib/python3.12/site-packages/django/contrib/messages/api.py first seen with mtime 1698515103.956041
File /usr/local/lib/python3.12/site-packages/rest_framework/compat.py first seen with mtime 1698515104.631041
File /usr/local/lib/python3.12/site-packages/django/utils/text.py first seen with mtime 1698515104.0740411
File /usr/local/lib/python3.12/site-packages/django/contrib/contenttypes/management/__init__.py first seen with mtime 1698515103.871041
File /usr/local/lib/python3.12/copy.py first seen with mtime 1697071491.0
File /usr/local/lib/python3.12/site-packages/django/contrib/admin/utils.py first seen with mtime 1698515103.731041
File /usr/local/lib/python3.12/encodings/utf_8.py first seen with mtime 1697071491.0
File /usr/local/lib/python3.12/site-packages/django/contrib/admin/checks.py first seen with mtime 1698515103.730041
File /usr/local/lib/python3.12/logging/__init__.py first seen with mtime 1697071491.0
File /usr/local/lib/python3.12/_markupbase.py first seen with mtime 1697071491.0
File /usr/local/lib/python3.12/site-packages/django/core/cache/__init__.py first seen with mtime 1698515104.039041
File /usr/local/lib/python3.12/site-packages/sqlparse/sql.py first seen with mtime 1698515103.580041
File /usr/local/lib/python3.12/site-packages/django/conf/urls/__init__.py first seen with mtime 1698515103.729041
File /usr/local/lib/python3.12/site-packages/rest_framework/negotiation.py first seen with mtime 1698515104.632041
File /usr/local/lib/python3.12/site-packages/psycopg2/errors.py first seen with mtime 1698515103.631041
File /usr/local/lib/python3.12/site-packages/django/utils/dateformat.py first seen with mtime 1698515104.072041
File /usr/local/lib/python3.12/site-packages/rest_framework/utils/mediatypes.py first seen with mtime 1698515104.657041
File /usr/local/lib/python3.12/secrets.py first seen with mtime 1697071491.0
File /usr/local/lib/python3.12/site-packages/django/utils/duration.py first seen with mtime 1698515104.073041
File /usr/local/lib/python3.12/site-packages/django/core/cache/backends/locmem.py first seen with mtime 1698515104.040041
File /usr/local/lib/python3.12/site-packages/django/core/servers/__init__.py first seen with mtime 1698515104.046041
File /usr/local/lib/python3.12/site-packages/rest_framework/urlpatterns.py first seen with mtime 1698515104.633041
File /usr/local/lib/python3.12/re/_casefix.py first seen with mtime 1697071491.0
File /usr/local/lib/python3.12/dataclasses.py first seen with mtime 1697071491.0
File /usr/local/lib/python3.12/site-packages/django/templatetags/tz.py first seen with mtime 1698515104.070041
File /usr/local/lib/python3.12/site-packages/rest_framework/utils/humanize_datetime.py first seen with mtime 1698515104.657041
File /usr/local/lib/python3.12/site-packages/django/core/handlers/exception.py first seen with mtime 1698515104.042041
File /usr/local/lib/python3.12/site-packages/django/contrib/auth/password_validation.py first seen with mtime 1698515103.826041
File /usr/local/lib/python3.12/linecache.py first seen with mtime 1697071491.0
File /usr/local/lib/python3.12/queue.py first seen with mtime 1697071491.0
File /usr/local/lib/python3.12/asyncio/constants.py first seen with mtime 1697071491.0
File /usr/local/lib/python3.12/site-packages/django/db/models/functions/window.py first seen with mtime 1698515104.058041
File /usr/local/lib/python3.12/site-packages/django/contrib/auth/validators.py first seen with mtime 1698515103.826041
File /usr/local/lib/python3.12/asyncio/transports.py first seen with mtime 1697071491.0
File /usr/local/lib/python3.12/site-packages/django/core/cache/utils.py first seen with mtime 1698515104.039041
File /usr/local/lib/python3.12/email/contentmanager.py first seen with mtime 1697071491.0
File /usr/local/lib/python3.12/datetime.py first seen with mtime 1697071491.0
File /usr/local/lib/python3.12/email/errors.py first seen with mtime 1697071491.0
File /usr/local/lib/python3.12/site-packages/django/templatetags/cache.py first seen with mtime 1698515104.069041
File /usr/local/lib/python3.12/sysconfig.py first seen with mtime 1697071491.0
File /usr/local/lib/python3.12/site-packages/django/db/models/functions/datetime.py first seen with mtime 1698515104.058041
File /usr/local/lib/python3.12/zoneinfo/_common.py first seen with mtime 1697071491.0
File /usr/local/lib/python3.12/site-packages/django/db/backends/base/features.py first seen with mtime 1698515104.047041
File /usr/local/lib/python3.12/site-packages/django/contrib/sites/shortcuts.py first seen with mtime 1698515104.015041
File /usr/local/lib/python3.12/asyncio/unix_events.py first seen with mtime 1697071491.0
File /usr/local/lib/python3.12/lib-dynload/fcntl.cpython-312-aarch64-linux-gnu.so first seen with mtime 1697071497.0
File /usr/local/lib/python3.12/site-packages/django/db/models/fields/related_lookups.py first seen with mtime 1698515104.058041
File /usr/local/lib/python3.12/site-packages/django/db/models/functions/__init__.py first seen with mtime 1698515104.058041
File /usr/local/lib/python3.12/site-packages/django/contrib/staticfiles/handlers.py first seen with mtime 1698515104.037041
File /usr/local/lib/python3.12/site-packages/django/views/csrf.py first seen with mtime 1698515104.075041
File /usr/local/lib/python3.12/site-packages/django/template/backends/__init__.py first seen with mtime 1698515104.069041
File /usr/local/lib/python3.12/site-packages/django/templatetags/__init__.py first seen with mtime 1698515104.069041
File /blogproject/manage.py first seen with mtime 1698514631.9493396
File /usr/local/lib/python3.12/site-packages/django/contrib/contenttypes/forms.py first seen with mtime 1698515103.853041
File /usr/local/lib/python3.12/site-packages/django/db/migrations/migration.py first seen with mtime 1698515104.053041
File /usr/local/lib/python3.12/site-packages/django/db/models/signals.py first seen with mtime 1698515104.056041
File /usr/local/lib/python3.12/site-packages/psycopg2/__init__.py first seen with mtime 1698515103.632041
File /usr/local/lib/python3.12/site-packages/django/db/models/deletion.py first seen with mtime 1698515104.055041
File /usr/local/lib/python3.12/concurrent/__init__.py first seen with mtime 1697071491.0
File /usr/local/lib/python3.12/site-packages/django/contrib/__init__.py first seen with mtime 1698515103.729041
File /usr/local/lib/python3.12/reprlib.py first seen with mtime 1697071491.0
File /usr/local/lib/python3.12/site-packages/django/contrib/auth/admin.py first seen with mtime 1698515103.8240411
File /usr/local/lib/python3.12/base64.py first seen with mtime 1697071491.0
File /usr/local/lib/python3.12/site-packages/django/core/serializers/python.py first seen with mtime 1698515104.046041
File /usr/local/lib/python3.12/site-packages/django/template/response.py first seen with mtime 1698515104.068041
File /usr/local/lib/python3.12/site-packages/django/contrib/admin/views/__init__.py first seen with mtime 1698515103.800041
File /usr/local/lib/python3.12/site-packages/psycopg2/_range.py first seen with mtime 1698515103.632041
File /usr/local/lib/python3.12/site-packages/django/http/request.py first seen with mtime 1698515104.066041
File /usr/local/lib/python3.12/site-packages/django/core/__init__.py first seen with mtime 1698515104.038041
File /usr/local/lib/python3.12/asyncio/coroutines.py first seen with mtime 1697071491.0
File /usr/local/lib/python3.12/lib-dynload/_queue.cpython-312-aarch64-linux-gnu.so first seen with mtime 1697071497.0
File /usr/local/lib/python3.12/site-packages/django/db/migrations/operations/special.py first seen with mtime 1698515104.054041
File /usr/local/lib/python3.12/site-packages/django/forms/formsets.py first seen with mtime 1698515104.060041
File /usr/local/lib/python3.12/site-packages/django/db/models/functions/mixins.py first seen with mtime 1698515104.058041
File /usr/local/lib/python3.12/site-packages/django/contrib/postgres/fields/ranges.py first seen with mtime 1698515103.959041
File /usr/local/lib/python3.12/site-packages/sqlparse/engine/filter_stack.py first seen with mtime 1698515103.580041
File /usr/local/lib/python3.12/site-packages/django/utils/inspect.py first seen with mtime 1698515104.073041
File /usr/local/lib/python3.12/site-packages/django/db/models/indexes.py first seen with mtime 1698515104.055041
File /usr/local/lib/python3.12/site-packages/django/db/migrations/operations/base.py first seen with mtime 1698515104.054041
File /usr/local/lib/python3.12/site-packages/django/views/decorators/csrf.py first seen with mtime 1698515104.076041
File /usr/local/lib/python3.12/copyreg.py first seen with mtime 1697071491.0
File /usr/local/lib/python3.12/site-packages/django/contrib/admin/exceptions.py first seen with mtime 1698515103.730041
File /usr/local/lib/python3.12/site-packages/django/contrib/contenttypes/apps.py first seen with mtime 1698515103.852041
File /usr/local/lib/python3.12/site-packages/django/db/backends/postgresql/__init__.py first seen with mtime 1698515104.050041
File /usr/local/lib/python3.12/site-packages/django/db/models/fields/__init__.py first seen with mtime 1698515104.057041
File /usr/local/lib/python3.12/asyncio/base_tasks.py first seen with mtime 1697071491.0
File /usr/local/lib/python3.12/site-packages/rest_framework/fields.py first seen with mtime 1698515104.631041
File /usr/local/lib/python3.12/site-packages/django/contrib/messages/__init__.py first seen with mtime 1698515103.956041
File /usr/local/lib/python3.12/site-packages/django/utils/autoreload.py first seen with mtime 1698515104.072041
File /usr/local/lib/python3.12/site-packages/django/contrib/sites/requests.py first seen with mtime 1698515104.015041
File /usr/local/lib/python3.12/email/quoprimime.py first seen with mtime 1697071491.0
File /usr/local/lib/python3.12/site-packages/django/core/signals.py first seen with mtime 1698515104.039041
File /usr/local/lib/python3.12/site-packages/django/db/utils.py first seen with mtime 1698515104.047041
File /usr/local/lib/python3.12/token.py first seen with mtime 1697071491.0
File /usr/local/lib/python3.12/site-packages/django/contrib/auth/tokens.py first seen with mtime 1698515103.826041
File /usr/local/lib/python3.12/lib-dynload/array.cpython-312-aarch64-linux-gnu.so first seen with mtime 1697071497.0
File /usr/local/lib/python3.12/wsgiref/simple_server.py first seen with mtime 1697071491.0
File /usr/local/lib/python3.12/site-packages/django/core/checks/model_checks.py first seen with mtime 1698515104.040041
File /usr/local/lib/python3.12/site-packages/rest_framework/schemas/coreapi.py first seen with mtime 1698515104.643041
File /usr/local/lib/python3.12/site-packages/django/core/checks/security/base.py first seen with mtime 1698515104.041041
File /usr/local/lib/python3.12/hmac.py first seen with mtime 1697071491.0
File /usr/local/lib/python3.12/xml/dom/minidom.py first seen with mtime 1697071491.0
File /usr/local/lib/python3.12/site-packages/django/db/models/functions/math.py first seen with mtime 1698515104.058041
File /usr/local/lib/python3.12/site-packages/django/test/utils.py first seen with mtime 1698515104.071041
File /usr/local/lib/python3.12/site-packages/sqlparse/tokens.py first seen with mtime 1698515103.580041
File /usr/local/lib/python3.12/asyncio/trsock.py first seen with mtime 1697071491.0
File /usr/local/lib/python3.12/lib-dynload/_datetime.cpython-312-aarch64-linux-gnu.so first seen with mtime 1697071497.0
File /usr/local/lib/python3.12/site-packages/django/template/loader_tags.py first seen with mtime 1698515104.068041
File /usr/local/lib/python3.12/site-packages/django/forms/boundfield.py first seen with mtime 1698515104.060041
File /usr/local/lib/python3.12/warnings.py first seen with mtime 1697071491.0
File /usr/local/lib/python3.12/socket.py first seen with mtime 1697071491.0
File /usr/local/lib/python3.12/site-packages/django/contrib/admin/apps.py first seen with mtime 1698515103.729041
File /usr/local/lib/python3.12/site-packages/django/contrib/postgres/fields/__init__.py first seen with mtime 1698515103.958041
File /usr/local/lib/python3.12/re/_parser.py first seen with mtime 1697071491.0
File /usr/local/lib/python3.12/site-packages/django/contrib/messages/constants.py first seen with mtime 1698515103.956041
File /usr/local/lib/python3.12/site-packages/django/contrib/admin/filters.py first seen with mtime 1698515103.730041
File /usr/local/lib/python3.12/site-packages/django/shortcuts.py first seen with mtime 1698515103.670041
File /usr/local/lib/python3.12/site-packages/django/template/autoreload.py first seen with mtime 1698515104.067041
File /usr/local/lib/python3.12/lib-dynload/math.cpython-312-aarch64-linux-gnu.so first seen with mtime 1697071497.0
File /usr/local/lib/python3.12/site-packages/rest_framework/schemas/openapi.py first seen with mtime 1698515104.643041
File /usr/local/lib/python3.12/site-packages/django/core/handlers/wsgi.py first seen with mtime 1698515104.042041
File /usr/local/lib/python3.12/opcode.py first seen with mtime 1697071491.0
File /usr/local/lib/python3.12/concurrent/futures/thread.py first seen with mtime 1697071491.0
File /usr/local/lib/python3.12/email/parser.py first seen with mtime 1697071491.0
File /usr/local/lib/python3.12/site-packages/django/utils/timesince.py first seen with mtime 1698515104.0740411
File /usr/local/lib/python3.12/site-packages/rest_framework/utils/json.py first seen with mtime 1698515104.657041
File /usr/local/lib/python3.12/site-packages/django/test/client.py first seen with mtime 1698515104.070041
File /usr/local/lib/python3.12/site-packages/django/db/backends/base/__init__.py first seen with mtime 1698515104.047041
File /usr/local/lib/python3.12/site-packages/django/core/checks/registry.py first seen with mtime 1698515104.040041
File /usr/local/lib/python3.12/site-packages/django/utils/asyncio.py first seen with mtime 1698515104.072041
File /usr/local/lib/python3.12/site-packages/django/contrib/sessions/exceptions.py first seen with mtime 1698515103.992041
File /usr/local/lib/python3.12/site-packages/rest_framework/schemas/views.py first seen with mtime 1698515104.643041
File /usr/local/lib/python3.12/http/client.py first seen with mtime 1697071491.0
File /usr/local/lib/python3.12/site-packages/django/utils/functional.py first seen with mtime 1698515104.073041
File /usr/local/lib/python3.12/site-packages/sqlparse/keywords.py first seen with mtime 1698515103.579041
File /usr/local/lib/python3.12/urllib/request.py first seen with mtime 1697071491.0
File /usr/local/lib/python3.12/site-packages/django/core/signing.py first seen with mtime 1698515104.039041
File /usr/local/lib/python3.12/site-packages/rest_framework/viewsets.py first seen with mtime 1698515104.634041
File /usr/local/lib/python3.12/subprocess.py first seen with mtime 1697071491.0
File /usr/local/lib/python3.12/site-packages/django/middleware/__init__.py first seen with mtime 1698515104.067041
File /usr/local/lib/python3.12/site-packages/django/views/generic/__init__.py first seen with mtime 1698515104.076041
File /usr/local/lib/python3.12/glob.py first seen with mtime 1697071491.0
File /usr/local/lib/python3.12/email/utils.py first seen with mtime 1697071491.0
File /usr/local/lib/python3.12/urllib/response.py first seen with mtime 1697071491.0
File /usr/local/lib/python3.12/site-packages/django/utils/regex_helper.py first seen with mtime 1698515104.0740411
File /usr/local/lib/python3.12/heapq.py first seen with mtime 1697071491.0
File /usr/local/lib/python3.12/asyncio/threads.py first seen with mtime 1697071491.0
File /usr/local/lib/python3.12/xml/dom/domreg.py first seen with mtime 1697071491.0
File /usr/local/lib/python3.12/site-packages/django/db/models/options.py first seen with mtime 1698515104.056041
File /usr/local/lib/python3.12/json/encoder.py first seen with mtime 1697071491.0
File /usr/local/lib/python3.12/site-packages/django/core/files/storage/handler.py first seen with mtime 1698515104.042041
File /usr/local/lib/python3.12/site-packages/django/db/models/fields/related_descriptors.py first seen with mtime 1698515104.057041
File /usr/local/lib/python3.12/site-packages/rest_framework/utils/__init__.py first seen with mtime 1698515104.657041
File /usr/local/lib/python3.12/site-packages/django/apps/__init__.py first seen with mtime 1698515103.670041
File /usr/local/lib/python3.12/site-packages/django/forms/forms.py first seen with mtime 1698515104.060041
File /usr/local/lib/python3.12/site-packages/django/contrib/staticfiles/views.py first seen with mtime 1698515104.038041
File /usr/local/lib/python3.12/site-packages/django/views/decorators/debug.py first seen with mtime 1698515104.076041
File /usr/local/lib/python3.12/site-packages/django/views/decorators/cache.py first seen with mtime 1698515104.076041
File /usr/local/lib/python3.12/site-packages/django/db/models/sql/where.py first seen with mtime 1698515104.059041
File /usr/local/lib/python3.12/concurrent/futures/_base.py first seen with mtime 1697071491.0
File /usr/local/lib/python3.12/xml/__init__.py first seen with mtime 1697071491.0
File /usr/local/lib/python3.12/site-packages/django/core/management/sql.py first seen with mtime 1698515104.044041
File /usr/local/lib/python3.12/site-packages/django/core/checks/async_checks.py first seen with mtime 1698515104.040041
File /usr/local/lib/python3.12/shutil.py first seen with mtime 1697071491.0
File /usr/local/lib/python3.12/site-packages/django/core/validators.py first seen with mtime 1698515104.039041
File /usr/local/lib/python3.12/site-packages/rest_framework/__init__.py first seen with mtime 1698515104.6300411
File /usr/local/lib/python3.12/asyncio/log.py first seen with mtime 1697071491.0
File /usr/local/lib/python3.12/_sysconfigdata__linux_aarch64-linux-gnu.py first seen with mtime 1697071494.0
File /usr/local/lib/python3.12/lib-dynload/_posixsubprocess.cpython-312-aarch64-linux-gnu.so first seen with mtime 1697071497.0
File /usr/local/lib/python3.12/enum.py first seen with mtime 1697071491.0
File /usr/local/lib/python3.12/lib-dynload/termios.cpython-312-aarch64-linux-gnu.so first seen with mtime 1697071497.0
File /usr/local/lib/python3.12/site-packages/django/db/backends/base/operations.py first seen with mtime 1698515104.048041
File /usr/local/lib/python3.12/asyncio/sslproto.py first seen with mtime 1697071491.0
File /usr/local/lib/python3.12/re/_compiler.py first seen with mtime 1697071491.0
File /usr/local/lib/python3.12/urllib/error.py first seen with mtime 1697071491.0
File /usr/local/lib/python3.12/site-packages/django/contrib/admin/views/main.py first seen with mtime 1698515103.800041
File /usr/local/lib/python3.12/json/decoder.py first seen with mtime 1697071491.0
File /usr/local/lib/python3.12/site-packages/rest_framework/decorators.py first seen with mtime 1698515104.631041
File /blogproject/blog/urls.py first seen with mtime 1698569129.058206
File /usr/local/lib/python3.12/site-packages/django/http/multipartparser.py first seen with mtime 1698515104.066041
File /usr/local/lib/python3.12/site-packages/django/template/loaders/base.py first seen with mtime 1698515104.069041
File /usr/local/lib/python3.12/site-packages/django/utils/hashable.py first seen with mtime 1698515104.073041
File /usr/local/lib/python3.12/signal.py first seen with mtime 1697071491.0
File /usr/local/lib/python3.12/site-packages/django/contrib/auth/signals.py first seen with mtime 1698515103.826041
File /usr/local/lib/python3.12/site-packages/django/utils/__init__.py first seen with mtime 1698515104.072041
File /usr/local/lib/python3.12/site-packages/sqlparse/engine/statement_splitter.py first seen with mtime 1698515103.580041
File /usr/local/lib/python3.12/site-packages/django/contrib/admindocs/__init__.py first seen with mtime 1698515103.800041
File /usr/local/lib/python3.12/site-packages/django/contrib/postgres/forms/ranges.py first seen with mtime 1698515103.959041
File /usr/local/lib/python3.12/site-packages/django/db/migrations/operations/models.py first seen with mtime 1698515104.054041
File /usr/local/lib/python3.12/site-packages/sqlparse/filters/aligned_indent.py first seen with mtime 1698515103.580041
File /usr/local/lib/python3.12/site-packages/django/core/files/storage/filesystem.py first seen with mtime 1698515104.042041
File /usr/local/lib/python3.12/site-packages/django/urls/__init__.py first seen with mtime 1698515104.071041
File /usr/local/lib/python3.12/site-packages/django/utils/deconstruct.py first seen with mtime 1698515104.073041
File /usr/local/lib/python3.12/site-packages/django/core/management/color.py first seen with mtime 1698515104.043041
File /usr/local/lib/python3.12/site-packages/django/db/models/sql/query.py first seen with mtime 1698515104.059041
File /usr/local/lib/python3.12/site-packages/django/contrib/auth/hashers.py first seen with mtime 1698515103.825041
File /usr/local/lib/python3.12/site-packages/django/core/management/commands/runserver.py first seen with mtime 1698515104.045041
File /usr/local/lib/python3.12/mimetypes.py first seen with mtime 1697071491.0
File /usr/local/lib/python3.12/lib-dynload/_hashlib.cpython-312-aarch64-linux-gnu.so first seen with mtime 1697071497.0
File /usr/local/lib/python3.12/bisect.py first seen with mtime 1697071491.0
File /usr/local/lib/python3.12/lib-dynload/unicodedata.cpython-312-aarch64-linux-gnu.so first seen with mtime 1697071497.0
File /usr/local/lib/python3.12/json/__init__.py first seen with mtime 1697071491.0
File /usr/local/lib/python3.12/site-packages/django/db/backends/base/validation.py first seen with mtime 1698515104.048041
File /usr/local/lib/python3.12/zoneinfo/_tzpath.py first seen with mtime 1697071491.0
File /usr/local/lib/python3.12/site-packages/django/contrib/auth/middleware.py first seen with mtime 1698515103.825041
File /usr/local/lib/python3.12/site-packages/django/contrib/admin/migrations/__init__.py first seen with mtime 1698515103.782041
File /usr/local/lib/python3.12/lib-dynload/_heapq.cpython-312-aarch64-linux-gnu.so first seen with mtime 1697071497.0
File /usr/local/lib/python3.12/asyncio/exceptions.py first seen with mtime 1697071491.0
File /usr/local/lib/python3.12/site-packages/django/views/generic/base.py first seen with mtime 1698515104.076041
File /usr/local/lib/python3.12/json/scanner.py first seen with mtime 1697071491.0
File /usr/local/lib/python3.12/site-packages/django/core/mail/message.py first seen with mtime 1698515104.043041
File /usr/local/lib/python3.12/site-packages/rest_framework/utils/html.py first seen with mtime 1698515104.657041
File /usr/local/lib/python3.12/site-packages/django/utils/encoding.py first seen with mtime 1698515104.073041
File /usr/local/lib/python3.12/asyncio/base_futures.py first seen with mtime 1697071491.0
File /usr/local/lib/python3.12/gettext.py first seen with mtime 1697071491.0
File /usr/local/lib/python3.12/site-packages/sqlparse/filters/tokens.py first seen with mtime 1698515103.581041
File /usr/local/lib/python3.12/xml/dom/__init__.py first seen with mtime 1697071491.0
File /usr/local/lib/python3.12/unittest/signals.py first seen with mtime 1697071491.0
File /usr/local/lib/python3.12/site-packages/rest_framework/generics.py first seen with mtime 1698515104.631041
File /usr/local/lib/python3.12/asyncio/events.py first seen with mtime 1697071491.0
File /usr/local/lib/python3.12/pathlib.py first seen with mtime 1697071491.0
File /usr/local/lib/python3.12/_weakrefset.py first seen with mtime 1697071491.0
File /usr/local/lib/python3.12/email/mime/multipart.py first seen with mtime 1697071491.0
File /usr/local/lib/python3.12/site-packages/django/db/backends/base/base.py first seen with mtime 1698515104.047041
File /usr/local/lib/python3.12/asyncio/runners.py first seen with mtime 1697071491.0
File /usr/local/lib/python3.12/site-packages/django/utils/translation/reloader.py first seen with mtime 1698515104.075041
File /usr/local/lib/python3.12/site-packages/django/urls/exceptions.py first seen with mtime 1698515104.071041
File /usr/local/lib/python3.12/threading.py first seen with mtime 1697071491.0
File /usr/local/lib/python3.12/email/_header_value_parser.py first seen with mtime 1697071491.0
File /usr/local/lib/python3.12/xml/dom/xmlbuilder.py first seen with mtime 1697071491.0
File /usr/local/lib/python3.12/site-packages/django/contrib/admindocs/views.py first seen with mtime 1698515103.800041
File /usr/local/lib/python3.12/site-packages/django/contrib/admindocs/utils.py first seen with mtime 1698515103.800041
File /usr/local/lib/python3.12/tokenize.py first seen with mtime 1697071491.0
File /usr/local/lib/python3.12/urllib/parse.py first seen with mtime 1697071491.0
File /usr/local/lib/python3.12/site-packages/django/contrib/admin/templatetags/admin_urls.py first seen with mtime 1698515103.799041
File /usr/local/lib/python3.12/tempfile.py first seen with mtime 1697071491.0
File /usr/local/lib/python3.12/textwrap.py first seen with mtime 1697071491.0
File /usr/local/lib/python3.12/site-packages/django/core/serializers/json.py first seen with mtime 1698515104.046041
File /usr/local/lib/python3.12/site-packages/sqlparse/exceptions.py first seen with mtime 1698515103.579041
File /usr/local/lib/python3.12/site-packages/django/core/files/storage/memory.py first seen with mtime 1698515104.042041
File /usr/local/lib/python3.12/html/parser.py first seen with mtime 1697071491.0
File /usr/local/lib/python3.12/weakref.py first seen with mtime 1697071491.0
File /usr/local/lib/python3.12/site-packages/django/utils/termcolors.py first seen with mtime 1698515104.0740411
File /usr/local/lib/python3.12/wsgiref/util.py first seen with mtime 1697071491.0
File /usr/local/lib/python3.12/site-packages/django/core/checks/urls.py first seen with mtime 1698515104.040041
File /usr/local/lib/python3.12/site-packages/django/template/utils.py first seen with mtime 1698515104.069041
File /usr/local/lib/python3.12/site-packages/django/contrib/auth/backends.py first seen with mtime 1698515103.825041
File /usr/local/lib/python3.12/site-packages/django/dispatch/dispatcher.py first seen with mtime 1698515104.060041
File /usr/local/lib/python3.12/site-packages/django/views/generic/dates.py first seen with mtime 1698515104.076041
File /usr/local/lib/python3.12/site-packages/django/db/transaction.py first seen with mtime 1698515104.047041
File /usr/local/lib/python3.12/site-packages/django/db/models/functions/comparison.py first seen with mtime 1698515104.058041
File /usr/local/lib/python3.12/site-packages/django/utils/_os.py first seen with mtime 1698515104.072041
File /usr/local/lib/python3.12/email/header.py first seen with mtime 1697071491.0
File /usr/local/lib/python3.12/site-packages/django/core/checks/translation.py first seen with mtime 1698515104.040041
File /usr/local/lib/python3.12/site-packages/django/db/models/sql/constants.py first seen with mtime 1698515104.059041
File /usr/local/lib/python3.12/site-packages/django/contrib/staticfiles/checks.py first seen with mtime 1698515104.037041
File /usr/local/lib/python3.12/site-packages/django/db/backends/postgresql/client.py first seen with mtime 1698515104.0510411
File /usr/local/lib/python3.12/email/mime/base.py first seen with mtime 1697071491.0
File /usr/local/lib/python3.12/site-packages/rest_framework/schemas/__init__.py first seen with mtime 1698515104.643041
File /usr/local/lib/python3.12/site-packages/django/utils/translation/trans_real.py first seen with mtime 1698515104.075041
File /usr/local/lib/python3.12/site-packages/django/contrib/contenttypes/views.py first seen with mtime 1698515103.853041
File /usr/local/lib/python3.12/site-packages/asgiref/__init__.py first seen with mtime 1698515103.644041
File /usr/local/lib/python3.12/site-packages/django/contrib/admin/helpers.py first seen with mtime 1698515103.730041
File /usr/local/lib/python3.12/site-packages/django/contrib/admin/views/decorators.py first seen with mtime 1698515103.800041
File /usr/local/lib/python3.12/site-packages/django/core/handlers/__init__.py first seen with mtime 1698515104.042041
File /usr/local/lib/python3.12/html/entities.py first seen with mtime 1697071491.0
File /usr/local/lib/python3.12/site-packages/sqlparse/filters/others.py first seen with mtime 1698515103.580041
File /usr/local/lib/python3.12/site-packages/asgiref/local.py first seen with mtime 1698515103.645041
File /usr/local/lib/python3.12/site-packages/django/contrib/staticfiles/management/commands/runserver.py first seen with mtime 1698515104.038041
File /usr/local/lib/python3.12/lib-dynload/_ssl.cpython-312-aarch64-linux-gnu.so first seen with mtime 1697071497.0
File /usr/local/lib/python3.12/site-packages/django/middleware/csrf.py first seen with mtime 1698515104.067041
File /usr/local/lib/python3.12/site-packages/django/core/cache/backends/__init__.py first seen with mtime 1698515104.039041
File /usr/local/lib/python3.12/site-packages/django/db/__init__.py first seen with mtime 1698515104.047041
File /usr/local/lib/python3.12/site-packages/django/db/backends/__init__.py first seen with mtime 1698515104.047041
File /usr/local/lib/python3.12/random.py first seen with mtime 1697071491.0
File /usr/local/lib/python3.12/site-packages/django/conf/locale/__init__.py first seen with mtime 1698515103.671041
File /usr/local/lib/python3.12/site-packages/django/utils/numberformat.py first seen with mtime 1698515104.0740411
File /usr/local/lib/python3.12/site-packages/rest_framework/relations.py first seen with mtime 1698515104.632041
File /blogproject/blogproject/urls.py first seen with mtime 1698568869.3826094
File /usr/local/lib/python3.12/site-packages/django/contrib/contenttypes/checks.py first seen with mtime 1698515103.852041
File /usr/local/lib/python3.12/site-packages/django/core/checks/compatibility/django_4_0.py first seen with mtime 1698515104.041041
File /usr/local/lib/python3.12/site-packages/django/core/checks/files.py first seen with mtime 1698515104.040041
File /usr/local/lib/python3.12/site-packages/django/db/backends/base/client.py first seen with mtime 1698515104.047041
File /usr/local/lib/python3.12/site-packages/rest_framework/renderers.py first seen with mtime 1698515104.632041
File /usr/local/lib/python3.12/difflib.py first seen with mtime 1697071491.0
File /usr/local/lib/python3.12/site-packages/django/core/management/commands/__init__.py first seen with mtime 1698515104.044041
File /usr/local/lib/python3.12/site-packages/django/utils/decorators.py first seen with mtime 1698515104.073041
File /usr/local/lib/python3.12/site-packages/django/db/migrations/state.py first seen with mtime 1698515104.053041
File /usr/local/lib/python3.12/site-packages/django/views/generic/detail.py first seen with mtime 1698515104.077041
File /usr/local/lib/python3.12/site-packages/django/contrib/auth/base_user.py first seen with mtime 1698515103.825041
File /usr/local/lib/python3.12/site-packages/django/core/checks/__init__.py first seen with mtime 1698515104.040041
File /usr/local/lib/python3.12/site-packages/django/utils/cache.py first seen with mtime 1698515104.072041
File /usr/local/lib/python3.12/site-packages/django/db/models/sql/__init__.py first seen with mtime 1698515104.058041
File /usr/local/lib/python3.12/re/_constants.py first seen with mtime 1697071491.0
File /usr/local/lib/python3.12/string.py first seen with mtime 1697071491.0
File /usr/local/lib/python3.12/site-packages/django/core/checks/security/__init__.py first seen with mtime 1698515104.041041
File /usr/local/lib/python3.12/site-packages/django/db/models/aggregates.py first seen with mtime 1698515104.054041
File /usr/local/lib/python3.12/site-packages/django/contrib/staticfiles/management/commands/__init__.py first seen with mtime 1698515104.038041
File /usr/local/lib/python3.12/site-packages/rest_framework/apps.py first seen with mtime 1698515104.631041
File /usr/local/lib/python3.12/lib-dynload/_socket.cpython-312-aarch64-linux-gnu.so first seen with mtime 1697071497.0
File /usr/local/lib/python3.12/pprint.py first seen with mtime 1697071491.0
File /usr/local/lib/python3.12/xml/dom/NodeFilter.py first seen with mtime 1697071491.0
File /usr/local/lib/python3.12/site-packages/django/contrib/messages/storage/base.py first seen with mtime 1698515103.957041
File /usr/local/lib/python3.12/site-packages/pytz/exceptions.py first seen with mtime 1698515103.521041
File /usr/local/lib/python3.12/site-packages/django/views/i18n.py first seen with mtime 1698515104.076041
File /usr/local/lib/python3.12/site-packages/django/db/models/expressions.py first seen with mtime 1698515104.055041
File /usr/local/lib/python3.12/site-packages/django/template/defaulttags.py first seen with mtime 1698515104.068041
File /usr/local/lib/python3.12/site-packages/django/contrib/admin/widgets.py first seen with mtime 1698515103.731041
File /usr/local/lib/python3.12/site-packages/django/db/models/base.py first seen with mtime 1698515104.054041
File /usr/local/lib/python3.12/site-packages/django/utils/log.py first seen with mtime 1698515104.0740411
File /usr/local/lib/python3.12/lib-dynload/_lzma.cpython-312-aarch64-linux-gnu.so first seen with mtime 1697071497.0
File /usr/local/lib/python3.12/site-packages/django/test/html.py first seen with mtime 1698515104.070041
File /usr/local/lib/python3.12/site-packages/django/utils/dates.py first seen with mtime 1698515104.072041
File /usr/local/lib/python3.12/site-packages/django/test/__init__.py first seen with mtime 1698515104.070041
File /usr/local/lib/python3.12/email/mime/__init__.py first seen with mtime 1697071491.0
File /usr/local/lib/python3.12/site-packages/django/core/cache/backends/filebased.py first seen with mtime 1698515104.040041
File /usr/local/lib/python3.12/site-packages/django/core/mail/__init__.py first seen with mtime 1698515104.042041
File /usr/local/lib/python3.12/site-packages/rest_framework/templates/rest_framework first seen with mtime 1698515104.656041
File /usr/local/lib/python3.12/site-packages/rest_framework/templates/rest_framework/schema.js first seen with mtime 1698515104.6530411
File /usr/local/lib/python3.12/site-packages/rest_framework/templates/rest_framework/raw_data_form.html first seen with mtime 1698515104.6530411
File /usr/local/lib/python3.12/site-packages/rest_framework/templates/rest_framework/login_base.html first seen with mtime 1698515104.6530411
File /usr/local/lib/python3.12/site-packages/rest_framework/templates/rest_framework/login.html first seen with mtime 1698515104.6530411
File /usr/local/lib/python3.12/site-packages/rest_framework/templates/rest_framework/filters first seen with mtime 1698515104.654041
File /usr/local/lib/python3.12/site-packages/rest_framework/templates/rest_framework/horizontal first seen with mtime 1698515104.655041
File /usr/local/lib/python3.12/site-packages/rest_framework/templates/rest_framework/api.html first seen with mtime 1698515104.652041
File /usr/local/lib/python3.12/site-packages/rest_framework/templates/rest_framework/admin first seen with mtime 1698515104.6530411
File /usr/local/lib/python3.12/site-packages/rest_framework/templates/rest_framework/pagination first seen with mtime 1698515104.656041
File /usr/local/lib/python3.12/site-packages/rest_framework/templates/rest_framework/docs first seen with mtime 1698515104.654041
File /usr/local/lib/python3.12/site-packages/rest_framework/templates/rest_framework/admin.html first seen with mtime 1698515104.652041
File /usr/local/lib/python3.12/site-packages/rest_framework/templates/rest_framework/base.html first seen with mtime 1698515104.6530411
File /usr/local/lib/python3.12/site-packages/rest_framework/templates/rest_framework/vertical first seen with mtime 1698515104.656041
File /usr/local/lib/python3.12/site-packages/rest_framework/templates/rest_framework/inline first seen with mtime 1698515104.656041
File /usr/local/lib/python3.12/site-packages/rest_framework/templates/rest_framework/filters/ordering.html first seen with mtime 1698515104.654041
File /usr/local/lib/python3.12/site-packages/rest_framework/templates/rest_framework/filters/base.html first seen with mtime 1698515104.654041
File /usr/local/lib/python3.12/site-packages/rest_framework/templates/rest_framework/filters/search.html first seen with mtime 1698515104.654041
File /usr/local/lib/python3.12/site-packages/rest_framework/templates/rest_framework/horizontal/checkbox.html first seen with mtime 1698515104.654041
File /usr/local/lib/python3.12/site-packages/rest_framework/templates/rest_framework/horizontal/select_multiple.html first seen with mtime 1698515104.655041
File /usr/local/lib/python3.12/site-packages/rest_framework/templates/rest_framework/horizontal/input.html first seen with mtime 1698515104.655041
File /usr/local/lib/python3.12/site-packages/rest_framework/templates/rest_framework/horizontal/fieldset.html first seen with mtime 1698515104.654041
File /usr/local/lib/python3.12/site-packages/rest_framework/templates/rest_framework/horizontal/list_fieldset.html first seen with mtime 1698515104.655041
File /usr/local/lib/python3.12/site-packages/rest_framework/templates/rest_framework/horizontal/select.html first seen with mtime 1698515104.655041
File /usr/local/lib/python3.12/site-packages/rest_framework/templates/rest_framework/horizontal/checkbox_multiple.html first seen with mtime 1698515104.654041
File /usr/local/lib/python3.12/site-packages/rest_framework/templates/rest_framework/horizontal/textarea.html first seen with mtime 1698515104.655041
File /usr/local/lib/python3.12/site-packages/rest_framework/templates/rest_framework/horizontal/dict_field.html first seen with mtime 1698515104.654041
File /usr/local/lib/python3.12/site-packages/rest_framework/templates/rest_framework/horizontal/form.html first seen with mtime 1698515104.654041
File /usr/local/lib/python3.12/site-packages/rest_framework/templates/rest_framework/horizontal/radio.html first seen with mtime 1698515104.655041
File /usr/local/lib/python3.12/site-packages/rest_framework/templates/rest_framework/horizontal/list_field.html first seen with mtime 1698515104.655041
File /usr/local/lib/python3.12/site-packages/rest_framework/templates/rest_framework/admin/detail.html first seen with mtime 1698515104.6530411
File /usr/local/lib/python3.12/site-packages/rest_framework/templates/rest_framework/admin/dict_value.html first seen with mtime 1698515104.6530411
File /usr/local/lib/python3.12/site-packages/rest_framework/templates/rest_framework/admin/simple_list_value.html first seen with mtime 1698515104.6530411
File /usr/local/lib/python3.12/site-packages/rest_framework/templates/rest_framework/admin/list.html first seen with mtime 1698515104.6530411
File /usr/local/lib/python3.12/site-packages/rest_framework/templates/rest_framework/admin/list_value.html first seen with mtime 1698515104.6530411
File /usr/local/lib/python3.12/site-packages/rest_framework/templates/rest_framework/pagination/numbers.html first seen with mtime 1698515104.656041
File /usr/local/lib/python3.12/site-packages/rest_framework/templates/rest_framework/pagination/previous_and_next.html first seen with mtime 1698515104.656041
File /usr/local/lib/python3.12/site-packages/rest_framework/templates/rest_framework/docs/langs first seen with mtime 1698515104.654041
File /usr/local/lib/python3.12/site-packages/rest_framework/templates/rest_framework/docs/auth first seen with mtime 1698515104.654041
File /usr/local/lib/python3.12/site-packages/rest_framework/templates/rest_framework/docs/link.html first seen with mtime 1698515104.6530411
File /usr/local/lib/python3.12/site-packages/rest_framework/templates/rest_framework/docs/document.html first seen with mtime 1698515104.6530411
File /usr/local/lib/python3.12/site-packages/rest_framework/templates/rest_framework/docs/index.html first seen with mtime 1698515104.6530411
File /usr/local/lib/python3.12/site-packages/rest_framework/templates/rest_framework/docs/error.html first seen with mtime 1698515104.6530411
File /usr/local/lib/python3.12/site-packages/rest_framework/templates/rest_framework/docs/interact.html first seen with mtime 1698515104.6530411
File /usr/local/lib/python3.12/site-packages/rest_framework/templates/rest_framework/docs/sidebar.html first seen with mtime 1698515104.6530411
File /usr/local/lib/python3.12/site-packages/rest_framework/templates/rest_framework/vertical/checkbox.html first seen with mtime 1698515104.656041
File /usr/local/lib/python3.12/site-packages/rest_framework/templates/rest_framework/vertical/select_multiple.html first seen with mtime 1698515104.656041
File /usr/local/lib/python3.12/site-packages/rest_framework/templates/rest_framework/vertical/input.html first seen with mtime 1698515104.656041
File /usr/local/lib/python3.12/site-packages/rest_framework/templates/rest_framework/vertical/fieldset.html first seen with mtime 1698515104.656041
File /usr/local/lib/python3.12/site-packages/rest_framework/templates/rest_framework/vertical/list_fieldset.html first seen with mtime 1698515104.656041
File /usr/local/lib/python3.12/site-packages/rest_framework/templates/rest_framework/vertical/select.html first seen with mtime 1698515104.656041
File /usr/local/lib/python3.12/site-packages/rest_framework/templates/rest_framework/vertical/checkbox_multiple.html first seen with mtime 1698515104.656041
File /usr/local/lib/python3.12/site-packages/rest_framework/templates/rest_framework/vertical/textarea.html first seen with mtime 1698515104.656041
File /usr/local/lib/python3.12/site-packages/rest_framework/templates/rest_framework/vertical/dict_field.html first seen with mtime 1698515104.656041
File /usr/local/lib/python3.12/site-packages/rest_framework/templates/rest_framework/vertical/form.html first seen with mtime 1698515104.656041
File /usr/local/lib/python3.12/site-packages/rest_framework/templates/rest_framework/vertical/radio.html first seen with mtime 1698515104.656041
File /usr/local/lib/python3.12/site-packages/rest_framework/templates/rest_framework/vertical/list_field.html first seen with mtime 1698515104.656041
File /usr/local/lib/python3.12/site-packages/rest_framework/templates/rest_framework/inline/checkbox.html first seen with mtime 1698515104.655041
File /usr/local/lib/python3.12/site-packages/rest_framework/templates/rest_framework/inline/select_multiple.html first seen with mtime 1698515104.656041
File /usr/local/lib/python3.12/site-packages/rest_framework/templates/rest_framework/inline/input.html first seen with mtime 1698515104.655041
File /usr/local/lib/python3.12/site-packages/rest_framework/templates/rest_framework/inline/fieldset.html first seen with mtime 1698515104.655041
File /usr/local/lib/python3.12/site-packages/rest_framework/templates/rest_framework/inline/list_fieldset.html first seen with mtime 1698515104.655041
File /usr/local/lib/python3.12/site-packages/rest_framework/templates/rest_framework/inline/select.html first seen with mtime 1698515104.655041
File /usr/local/lib/python3.12/site-packages/rest_framework/templates/rest_framework/inline/checkbox_multiple.html first seen with mtime 1698515104.655041
File /usr/local/lib/python3.12/site-packages/rest_framework/templates/rest_framework/inline/textarea.html first seen with mtime 1698515104.656041
File /usr/local/lib/python3.12/site-packages/rest_framework/templates/rest_framework/inline/dict_field.html first seen with mtime 1698515104.655041
File /usr/local/lib/python3.12/site-packages/rest_framework/templates/rest_framework/inline/form.html first seen with mtime 1698515104.655041
File /usr/local/lib/python3.12/site-packages/rest_framework/templates/rest_framework/inline/radio.html first seen with mtime 1698515104.655041
File /usr/local/lib/python3.12/site-packages/rest_framework/templates/rest_framework/inline/list_field.html first seen with mtime 1698515104.655041
File /usr/local/lib/python3.12/site-packages/rest_framework/templates/rest_framework/docs/langs/javascript.html first seen with mtime 1698515104.654041
File /usr/local/lib/python3.12/site-packages/rest_framework/templates/rest_framework/docs/langs/shell.html first seen with mtime 1698515104.654041
File /usr/local/lib/python3.12/site-packages/rest_framework/templates/rest_framework/docs/langs/shell-intro.html first seen with mtime 1698515104.654041
File /usr/local/lib/python3.12/site-packages/rest_framework/templates/rest_framework/docs/langs/javascript-intro.html first seen with mtime 1698515104.654041
File /usr/local/lib/python3.12/site-packages/rest_framework/templates/rest_framework/docs/langs/python-intro.html first seen with mtime 1698515104.654041
File /usr/local/lib/python3.12/site-packages/rest_framework/templates/rest_framework/docs/langs/python.html first seen with mtime 1698515104.654041
File /usr/local/lib/python3.12/site-packages/rest_framework/templates/rest_framework/docs/auth/token.html first seen with mtime 1698515104.654041
File /usr/local/lib/python3.12/site-packages/rest_framework/templates/rest_framework/docs/auth/session.html first seen with mtime 1698515104.654041
File /usr/local/lib/python3.12/site-packages/rest_framework/templates/rest_framework/docs/auth/basic.html first seen with mtime 1698515104.654041
File /usr/local/lib/python3.12/site-packages/rest_framework/locale/ach/LC_MESSAGES/django.mo first seen with mtime 1698515104.635041
File /usr/local/lib/python3.12/site-packages/rest_framework/locale/gl/LC_MESSAGES/django.mo first seen with mtime 1698515104.638041
File /usr/local/lib/python3.12/site-packages/rest_framework/locale/ca_ES/LC_MESSAGES/django.mo first seen with mtime 1698515104.636041
File /usr/local/lib/python3.12/site-packages/rest_framework/locale/tr_TR/LC_MESSAGES/django.mo first seen with mtime 1698515104.642041
File /usr/local/lib/python3.12/site-packages/rest_framework/locale/vi/LC_MESSAGES/django.mo first seen with mtime 1698515104.642041
File /usr/local/lib/python3.12/site-packages/rest_framework/locale/ne_NP/LC_MESSAGES/django.mo first seen with mtime 1698515104.640041
File /usr/local/lib/python3.12/site-packages/rest_framework/locale/pt_BR/LC_MESSAGES/django.mo first seen with mtime 1698515104.640041
File /usr/local/lib/python3.12/site-packages/rest_framework/locale/tr/LC_MESSAGES/django.mo first seen with mtime 1698515104.642041
File /usr/local/lib/python3.12/site-packages/rest_framework/locale/ca/LC_MESSAGES/django.mo first seen with mtime 1698515104.636041
File /usr/local/lib/python3.12/site-packages/rest_framework/locale/bg/LC_MESSAGES/django.mo first seen with mtime 1698515104.635041
File /usr/local/lib/python3.12/site-packages/rest_framework/locale/fr/LC_MESSAGES/django.mo first seen with mtime 1698515104.638041
File /usr/local/lib/python3.12/site-packages/rest_framework/locale/hu/LC_MESSAGES/django.mo first seen with mtime 1698515104.638041
File /usr/local/lib/python3.12/site-packages/rest_framework/locale/pt/LC_MESSAGES/django.mo first seen with mtime 1698515104.640041
File /usr/local/lib/python3.12/site-packages/rest_framework/locale/de/LC_MESSAGES/django.mo first seen with mtime 1698515104.636041
File /usr/local/lib/python3.12/site-packages/rest_framework/locale/lt/LC_MESSAGES/django.mo first seen with mtime 1698515104.639041
File /usr/local/lib/python3.12/site-packages/rest_framework/locale/ko_KR/LC_MESSAGES/django.mo first seen with mtime 1698515104.639041
File /usr/local/lib/python3.12/site-packages/rest_framework/locale/ja/LC_MESSAGES/django.mo first seen with mtime 1698515104.639041
File /usr/local/lib/python3.12/site-packages/rest_framework/locale/gl_ES/LC_MESSAGES/django.mo first seen with mtime 1698515104.638041
File /usr/local/lib/python3.12/site-packages/rest_framework/locale/zh_Hant/LC_MESSAGES/django.mo first seen with mtime 1698515104.642041
File /usr/local/lib/python3.12/site-packages/rest_framework/locale/en_US/LC_MESSAGES/django.mo first seen with mtime 1698515104.637041
File /usr/local/lib/python3.12/site-packages/rest_framework/locale/uk/LC_MESSAGES/django.mo first seen with mtime 1698515104.642041
File /usr/local/lib/python3.12/site-packages/rest_framework/locale/ru_RU/LC_MESSAGES/django.mo first seen with mtime 1698515104.641041
File /usr/local/lib/python3.12/site-packages/rest_framework/locale/sk/LC_MESSAGES/django.mo first seen with mtime 1698515104.641041
File /usr/local/lib/python3.12/site-packages/rest_framework/locale/es/LC_MESSAGES/django.mo first seen with mtime 1698515104.637041
File /usr/local/lib/python3.12/site-packages/rest_framework/locale/fi/LC_MESSAGES/django.mo first seen with mtime 1698515104.637041
File /usr/local/lib/python3.12/site-packages/rest_framework/locale/cs/LC_MESSAGES/django.mo first seen with mtime 1698515104.636041
File /usr/local/lib/python3.12/site-packages/rest_framework/locale/el_GR/LC_MESSAGES/django.mo first seen with mtime 1698515104.636041
File /usr/local/lib/python3.12/site-packages/rest_framework/locale/mk/LC_MESSAGES/django.mo first seen with mtime 1698515104.639041
File /usr/local/lib/python3.12/site-packages/rest_framework/locale/ro/LC_MESSAGES/django.mo first seen with mtime 1698515104.641041
File /usr/local/lib/python3.12/site-packages/rest_framework/locale/nl/LC_MESSAGES/django.mo first seen with mtime 1698515104.640041
File /usr/local/lib/python3.12/site-packages/rest_framework/locale/sl/LC_MESSAGES/django.mo first seen with mtime 1698515104.641041
File /usr/local/lib/python3.12/site-packages/rest_framework/locale/el/LC_MESSAGES/django.mo first seen with mtime 1698515104.636041
File /usr/local/lib/python3.12/site-packages/rest_framework/locale/hy/LC_MESSAGES/django.mo first seen with mtime 1698515104.638041
File /usr/local/lib/python3.12/site-packages/rest_framework/locale/he_IL/LC_MESSAGES/django.mo first seen with mtime 1698515104.638041
File /usr/local/lib/python3.12/site-packages/rest_framework/locale/lv/LC_MESSAGES/django.mo first seen with mtime 1698515104.639041
File /usr/local/lib/python3.12/site-packages/rest_framework/locale/fa_IR/LC_MESSAGES/django.mo first seen with mtime 1698515104.637041
File /usr/local/lib/python3.12/site-packages/rest_framework/locale/no/LC_MESSAGES/django.mo first seen with mtime 1698515104.640041
File /usr/local/lib/python3.12/site-packages/rest_framework/locale/th/LC_MESSAGES/django.mo first seen with mtime 1698515104.641041
File /usr/local/lib/python3.12/site-packages/rest_framework/locale/id/LC_MESSAGES/django.mo first seen with mtime 1698515104.638041
File /usr/local/lib/python3.12/site-packages/rest_framework/locale/ar/LC_MESSAGES/django.mo first seen with mtime 1698515104.635041
File /usr/local/lib/python3.12/site-packages/rest_framework/locale/az/LC_MESSAGES/django.mo first seen with mtime 1698515104.635041
File /usr/local/lib/python3.12/site-packages/rest_framework/locale/da/LC_MESSAGES/django.mo first seen with mtime 1698515104.636041
File /usr/local/lib/python3.12/site-packages/rest_framework/locale/fa/LC_MESSAGES/django.mo first seen with mtime 1698515104.637041
File /usr/local/lib/python3.12/site-packages/rest_framework/locale/pl/LC_MESSAGES/django.mo first seen with mtime 1698515104.640041
File /usr/local/lib/python3.12/site-packages/rest_framework/locale/fr_CA/LC_MESSAGES/django.mo first seen with mtime 1698515104.638041
File /usr/local/lib/python3.12/site-packages/rest_framework/locale/sv/LC_MESSAGES/django.mo first seen with mtime 1698515104.641041
File /usr/local/lib/python3.12/site-packages/rest_framework/locale/en_AU/LC_MESSAGES/django.mo first seen with mtime 1698515104.637041
File /usr/local/lib/python3.12/site-packages/rest_framework/locale/ru/LC_MESSAGES/django.mo first seen with mtime 1698515104.641041
File /usr/local/lib/python3.12/site-packages/rest_framework/locale/zh_TW/LC_MESSAGES/django.mo first seen with mtime 1698515104.643041
File /usr/local/lib/python3.12/site-packages/rest_framework/locale/en/LC_MESSAGES/django.mo first seen with mtime 1698515104.636041
File /usr/local/lib/python3.12/site-packages/rest_framework/locale/nn/LC_MESSAGES/django.mo first seen with mtime 1698515104.640041
File /usr/local/lib/python3.12/site-packages/rest_framework/locale/pt_PT/LC_MESSAGES/django.mo first seen with mtime 1698515104.640041
File /usr/local/lib/python3.12/site-packages/rest_framework/locale/zh_Hans/LC_MESSAGES/django.mo first seen with mtime 1698515104.642041
File /usr/local/lib/python3.12/site-packages/rest_framework/locale/nb/LC_MESSAGES/django.mo first seen with mtime 1698515104.639041
File /usr/local/lib/python3.12/site-packages/rest_framework/locale/zh_CN/LC_MESSAGES/django.mo first seen with mtime 1698515104.642041
File /usr/local/lib/python3.12/site-packages/rest_framework/locale/it/LC_MESSAGES/django.mo first seen with mtime 1698515104.639041
File /usr/local/lib/python3.12/site-packages/rest_framework/locale/en_CA/LC_MESSAGES/django.mo first seen with mtime 1698515104.637041
File /usr/local/lib/python3.12/site-packages/rest_framework/locale/et/LC_MESSAGES/django.mo first seen with mtime 1698515104.637041
File /usr/local/lib/python3.12/site-packages/rest_framework/locale/be/LC_MESSAGES/django.mo first seen with mtime 1698515104.635041
File /usr/local/lib/python3.12/site-packages/django/contrib/sessions/backends/db.py first seen with mtime 1698515103.993041
File /usr/local/lib/python3.12/site-packages/django/contrib/auth/migrations/0004_alter_user_username_opts.py first seen with mtime 1698515103.851041
File /blogproject/blog/migrations/__init__.py first seen with mtime 1698567953.8990664
File /usr/local/lib/python3.12/site-packages/django/contrib/admin/migrations/0001_initial.py first seen with mtime 1698515103.782041
File /blogproject/blogproject/wsgi.py first seen with mtime 1698514631.9516964
File /usr/local/lib/python3.12/site-packages/django/contrib/admin/migrations/0002_logentry_remove_auto_add.py first seen with mtime 1698515103.782041
File /usr/local/lib/python3.12/site-packages/django/contrib/contenttypes/migrations/__init__.py first seen with mtime 1698515103.872041
File /usr/local/lib/python3.12/site-packages/django/contrib/auth/migrations/0011_update_proxy_permissions.py first seen with mtime 1698515103.852041
File /usr/local/lib/python3.12/site-packages/django/contrib/auth/migrations/0007_alter_validators_add_error_messages.py first seen with mtime 1698515103.851041
File /usr/local/lib/python3.12/site-packages/django/contrib/auth/migrations/0003_alter_user_email_max_length.py first seen with mtime 1698515103.851041
File /usr/local/lib/python3.12/site-packages/django/contrib/sessions/migrations/0001_initial.py first seen with mtime 1698515104.014041
File /usr/local/lib/python3.12/site-packages/django/contrib/auth/migrations/0006_require_contenttypes_0002.py first seen with mtime 1698515103.851041
File /usr/local/lib/python3.12/site-packages/django/contrib/auth/migrations/0005_alter_user_last_login_null.py first seen with mtime 1698515103.851041
File /usr/local/lib/python3.12/site-packages/django/contrib/auth/migrations/0008_alter_user_username_max_length.py first seen with mtime 1698515103.852041
File /usr/local/lib/python3.12/site-packages/django/db/models/sql/compiler.py first seen with mtime 1698515104.059041
File /usr/local/lib/python3.12/site-packages/django/contrib/contenttypes/migrations/0001_initial.py first seen with mtime 1698515103.872041
File /usr/local/lib/python3.12/encodings/idna.py first seen with mtime 1697071491.0
File /usr/local/lib/python3.12/site-packages/django/contrib/contenttypes/migrations/0002_remove_content_type_name.py first seen with mtime 1698515103.872041
File /usr/local/lib/python3.12/site-packages/django/contrib/auth/migrations/0001_initial.py first seen with mtime 1698515103.851041
File /usr/local/lib/python3.12/site-packages/django/contrib/admin/migrations/0003_logentry_add_action_flag_choices.py first seen with mtime 1698515103.782041
File /blogproject/blog/migrations/0002_rename_categories_category_rename_comments_comment_and_more.py first seen with mtime 1698607302.6631534
File /usr/local/lib/python3.12/site-packages/django/contrib/sessions/migrations/__init__.py first seen with mtime 1698515104.014041
File /usr/local/lib/python3.12/site-packages/django/middleware/clickjacking.py first seen with mtime 1698515104.067041
File /usr/local/lib/python3.12/stringprep.py first seen with mtime 1697071491.0
File /blogproject/blog/migrations/0001_initial.py first seen with mtime 1698604849.9130344
File /usr/local/lib/python3.12/site-packages/django/contrib/auth/migrations/0009_alter_user_last_name_max_length.py first seen with mtime 1698515103.852041
File /usr/local/lib/python3.12/site-packages/django/contrib/auth/migrations/0002_alter_permission_name_max_length.py first seen with mtime 1698515103.851041
File /usr/local/lib/python3.12/site-packages/django/contrib/auth/migrations/__init__.py first seen with mtime 1698515103.852041
File /usr/local/lib/python3.12/site-packages/django/contrib/auth/migrations/0010_alter_group_name_max_length.py first seen with mtime 1698515103.852041
File /usr/local/lib/python3.12/site-packages/django/contrib/auth/migrations/0012_alter_user_first_name_max_length.py first seen with mtime 1698515103.852041
File /blogproject/blogproject/settings.py previous mtime: 1698607547.4225385, current mtime: 1698607552.6534169
/blogproject/blogproject/settings.py notified as changed. Signal results: [(<function template_changed at 0xffff8150a520>, None), (<function translation_file_changed at 0xffff800c9f80>, None)].
/blogproject/blogproject/settings.py changed, reloading.
Watching for file changes with StatReloader
/blogproject/blogproject/settings.py changed, reloading.
Watching for file changes with StatReloader
Watching for file changes with StatReloader
/blogproject/blog/views.py changed, reloading.
Watching for file changes with StatReloader
/blogproject/blog/views.py changed, reloading.
Watching for file changes with StatReloader
/blogproject/blog/views.py changed, reloading.
Watching for file changes with StatReloader
/blogproject/blog/views.py changed, reloading.
Watching for file changes with StatReloader
/blogproject/blog/views.py changed, reloading.
Watching for file changes with StatReloader
/blogproject/blog/views.py changed, reloading.
Watching for file changes with StatReloader
Watching for file changes with StatReloader
